<?xml version="1.0" encoding="UTF-8"?>
<coverage generated="1509088959330" clover="3.2.0">
  <project timestamp="1509088959330" name="All files">
    <metrics statements="4" coveredstatements="4" conditionals="4" coveredconditionals="4" methods="3" coveredmethods="3" elements="11" coveredelements="11" complexity="0" loc="4" ncloc="4" packages="1" files="2" classes="2">
      <file name="Message.js" path="/Users/josecam/Projects/codacy/vue-test-utils-jest-example/src/components/Message.js">
        <metrics statements="1" coveredstatements="1" conditionals="2" coveredconditionals="2" methods="1" coveredmethods="1"/>
        <line num="5" count="2" type="cond" truecount="2" falsecount="0"/>
      </file>
      <file name="MessageToggle.vue" path="/Users/josecam/Projects/codacy/vue-test-utils-jest-example/src/components/MessageToggle.vue">
        <metrics statements="3" coveredstatements="3" conditionals="2" coveredconditionals="2" methods="2" coveredmethods="2"/>
        <line num="11" count="1" type="stmt"/>
        <line num="15" count="1" type="stmt"/>
        <line num="20" count="2" type="cond" truecount="2" falsecount="0"/>
      </file>
    </metrics>
  </project>
</coverage>
