{"/Users/josecam/Projects/codacy/vue-test-utils-jest-example/src/components/Message.js": {"path":"/Users/josecam/Projects/codacy/vue-test-utils-jest-example/src/components/Message.js","statementMap":{"0":{"start":{"line":5,"column":26},"end":{"line":5,"column":65}}},"fnMap":{"0":{"name":"(anonymous_0)","decl":{"start":{"line":5,"column":10},"end":{"line":5,"column":11}},"loc":{"start":{"line":5,"column":26},"end":{"line":5,"column":65}},"line":5}},"branchMap":{"0":{"loc":{"start":{"line":5,"column":34},"end":{"line":5,"column":64}},"type":"binary-expr","locations":[{"start":{"line":5,"column":34},"end":{"line":5,"column":43}},{"start":{"line":5,"column":47},"end":{"line":5,"column":64}}],"line":5}},"s":{"0":2},"f":{"0":2},"b":{"0":[2,1]},"_coverageSchema":"332fd63041d2c1bcb487cc26dd0d5f7d97098a6c","hash":"d30ea58f2fdaa9efe52c511a9eb8e579e46b5bc2"}
,"/Users/josecam/Projects/codacy/vue-test-utils-jest-example/src/components/MessageToggle.vue": {"path":"/Users/josecam/Projects/codacy/vue-test-utils-jest-example/src/components/MessageToggle.vue","statementMap":{"0":{"start":{"line":11,"column":0},"end":{"line":null,"column":-1}},"1":{"start":{"line":15,"column":0},"end":{"line":null,"column":-1}},"2":{"start":{"line":20,"column":0},"end":{"line":null,"column":-1}}},"fnMap":{"0":{"name":"data","decl":{"start":{"line":15,"column":0},"end":{"line":null,"column":-1}},"loc":{"start":{"line":15,"column":0},"end":{"line":null,"column":-1}}},"1":{"name":"toggleMessage","decl":{"start":{"line":19,"column":0},"end":{"line":null,"column":-1}},"loc":{"start":{"line":19,"column":0},"end":{"line":21,"column":0}}}},"branchMap":{"0":{"loc":{"start":{"line":20,"column":0},"end":{"line":null,"column":-1}},"type":"cond-expr","locations":[{"start":{"line":20,"column":0},"end":{"line":null,"column":-1}},{"start":{"line":20,"column":0},"end":{"line":null,"column":-1}}]}},"s":{"0":1,"1":1,"2":2},"f":{"0":1,"1":2},"b":{"0":[1,1]}}
}
